cl : Command line warning D9002: ignoring unknown option '-O3'
  calibration_gr7.cc
C:\Program Files (x86)\Windows Kits\10\Include\10.0.14393.0\ucrt\math.h(1010): warning C4005: 'M_PI': macro redefinition
  c:\users\csbau\mobile_robots\m454_project\mbsyscopy\win64_include_lib\include\sdl\SDL_stdinc.h(339): note: see previous definition of 'M_PI'
  kalman_gr7.cc
C:\Program Files (x86)\Windows Kits\10\Include\10.0.14393.0\ucrt\math.h(1010): warning C4005: 'M_PI': macro redefinition
  c:\users\csbau\mobile_robots\m454_project\mbsyscopy\win64_include_lib\include\sdl\SDL_stdinc.h(339): note: see previous definition of 'M_PI'
C:\Users\csbau\mobile_robots\m454_project\userFiles\ctrl\groups_ctrl\gr7\localization\kalman_gr7.cc(102): warning C4244: 'initializing': conversion from 'double' to 'float', possible loss of data
C:\Users\csbau\mobile_robots\m454_project\userFiles\ctrl\groups_ctrl\gr7\localization\kalman_gr7.cc(240): warning C4244: 'initializing': conversion from 'double' to 'float', possible loss of data
C:\Users\csbau\mobile_robots\m454_project\userFiles\ctrl\groups_ctrl\gr7\localization\kalman_gr7.cc(242): warning C4838: conversion from 'double' to 'float' requires a narrowing conversion
C:\Users\csbau\mobile_robots\m454_project\userFiles\ctrl\groups_ctrl\gr7\localization\kalman_gr7.cc(242): warning C4244: 'initializing': conversion from 'double' to 'float', possible loss of data
  odometry_gr7.cc
C:\Program Files (x86)\Windows Kits\10\Include\10.0.14393.0\ucrt\math.h(1010): warning C4005: 'M_PI': macro redefinition
  c:\users\csbau\mobile_robots\m454_project\mbsyscopy\win64_include_lib\include\sdl\SDL_stdinc.h(339): note: see previous definition of 'M_PI'
  opp_pos_gr7.cc
C:\Program Files (x86)\Windows Kits\10\Include\10.0.14393.0\ucrt\math.h(1010): warning C4005: 'M_PI': macro redefinition
  c:\users\csbau\mobile_robots\m454_project\mbsyscopy\win64_include_lib\include\sdl\SDL_stdinc.h(339): note: see previous definition of 'M_PI'
  triangulation_gr7.cc
C:\Program Files (x86)\Windows Kits\10\Include\10.0.14393.0\ucrt\math.h(1010): warning C4005: 'M_PI': macro redefinition
  c:\users\csbau\mobile_robots\m454_project\mbsyscopy\win64_include_lib\include\sdl\SDL_stdinc.h(339): note: see previous definition of 'M_PI'
  CtrlStruct_gr7.cc
C:\Program Files (x86)\Windows Kits\10\Include\10.0.14393.0\ucrt\math.h(1010): warning C4005: 'M_PI': macro redefinition
  c:\users\csbau\mobile_robots\m454_project\mbsyscopy\win64_include_lib\include\sdl\SDL_stdinc.h(339): note: see previous definition of 'M_PI'
  ctrl_main_gr7.cc
C:\Program Files (x86)\Windows Kits\10\Include\10.0.14393.0\ucrt\math.h(1010): warning C4005: 'M_PI': macro redefinition
  c:\users\csbau\mobile_robots\m454_project\mbsyscopy\win64_include_lib\include\sdl\SDL_stdinc.h(339): note: see previous definition of 'M_PI'
C:\Users\csbau\mobile_robots\m454_project\userFiles\ctrl\groups_ctrl\gr7\main\ctrl_main_gr7.cc(89): warning C4101: 'test': unreferenced local variable
  path_planning_gr7.cc
C:\Users\csbau\mobile_robots\m454_project\userFiles\ctrl\groups_ctrl\gr7\path\path_planning_gr7.cc(163): warning C4244: '=': conversion from 'double' to 'int', possible loss of data
C:\Users\csbau\mobile_robots\m454_project\userFiles\ctrl\groups_ctrl\gr7\path\path_planning_gr7.cc(231): warning C4244: 'initializing': conversion from 'double' to 'float', possible loss of data
C:\Users\csbau\mobile_robots\m454_project\userFiles\ctrl\groups_ctrl\gr7\path\path_planning_gr7.cc(241): warning C4244: '=': conversion from 'double' to 'float', possible loss of data
C:\Users\csbau\mobile_robots\m454_project\userFiles\ctrl\groups_ctrl\gr7\path\path_planning_gr7.cc(609): warning C4244: 'initializing': conversion from 'double' to 'int', possible loss of data
C:\Users\csbau\mobile_robots\m454_project\userFiles\ctrl\groups_ctrl\gr7\path\path_planning_gr7.cc(610): warning C4244: 'initializing': conversion from 'double' to 'int', possible loss of data
C:\Users\csbau\mobile_robots\m454_project\userFiles\ctrl\groups_ctrl\gr7\path\path_planning_gr7.cc(606): warning C4101: 'dist2Opp_x': unreferenced local variable
C:\Users\csbau\mobile_robots\m454_project\userFiles\ctrl\groups_ctrl\gr7\path\path_planning_gr7.cc(606): warning C4101: 'dist2Opp_norm': unreferenced local variable
C:\Users\csbau\mobile_robots\m454_project\userFiles\ctrl\groups_ctrl\gr7\path\path_planning_gr7.cc(606): warning C4101: 'dist2Opp_y': unreferenced local variable
  path_regulation_gr7.cc
C:\Program Files (x86)\Windows Kits\10\Include\10.0.14393.0\ucrt\math.h(1010): warning C4005: 'M_PI': macro redefinition
  c:\users\csbau\mobile_robots\m454_project\mbsyscopy\win64_include_lib\include\sdl\SDL_stdinc.h(339): note: see previous definition of 'M_PI'
  speed_regulation_gr7.cc
C:\Program Files (x86)\Windows Kits\10\Include\10.0.14393.0\ucrt\math.h(1010): warning C4005: 'M_PI': macro redefinition
  c:\users\csbau\mobile_robots\m454_project\mbsyscopy\win64_include_lib\include\sdl\SDL_stdinc.h(339): note: see previous definition of 'M_PI'
  strategy_gr7.cc
C:\Program Files (x86)\Windows Kits\10\Include\10.0.14393.0\ucrt\math.h(1010): warning C4005: 'M_PI': macro redefinition
  c:\users\csbau\mobile_robots\m454_project\mbsyscopy\win64_include_lib\include\sdl\SDL_stdinc.h(339): note: see previous definition of 'M_PI'
C:\Users\csbau\mobile_robots\m454_project\userFiles\ctrl\groups_ctrl\gr7\strategy\strategy_gr7.cc(75): warning C4838: conversion from 'int' to 'double' requires a narrowing conversion
C:\Program Files (x86)\Microsoft Visual Studio 14.0\VC\include\utility(172): warning C4244: 'initializing': conversion from 'double' to 'int', possible loss of data
  C:\Users\csbau\mobile_robots\m454_project\userFiles\ctrl\groups_ctrl\gr7\strategy\strategy_gr7.cc(124): note: see reference to function template instantiation 'std::pair<int,int>::pair<double,double,void,0>(_Other1 &&,_Other2 &&) noexcept' being compiled
          with
          [
              _Other1=double,
              _Other2=double
          ]
  C:\Users\csbau\mobile_robots\m454_project\userFiles\ctrl\groups_ctrl\gr7\strategy\strategy_gr7.cc(124): note: see reference to function template instantiation 'std::pair<int,int>::pair<double,double,void,0>(_Other1 &&,_Other2 &&) noexcept' being compiled
          with
          [
              _Other1=double,
              _Other2=double
          ]
  Generating Code...
  Project_userfct.vcxproj -> C:\Users\csbau\mobile_robots\m454_project\build\userfctR\Release\Project_userfct.lib
